<?xml version="1.0" encoding="UTF-8"?>
<testsuite xmlns:xsi="http://www.w3.org/2001/XMLSchema-instance" xsi:noNamespaceSchemaLocation="https://maven.apache.org/surefire/maven-surefire-plugin/xsd/surefire-test-report-3.0.xsd" version="3.0" name="com.exemple.MaGoFactoryTest" time="0.033" tests="5" errors="0" skipped="0" failures="0">
  <properties>
[...]
</properties>
  <testcase name="shouldNeverCreateAnEmptyPopulation" classname="com.exemple.MaGoFactoryTest" time="0.01"/>
  <testcase name="shouldAssignTypesAccordingToTimestampParityExample" classname="com.exemple.MaGoFactoryTest" time="0.002"/>
  <testcase name="shouldCreatePopulationWithRequestedNumberOfMaGos" classname="com.exemple.MaGoFactoryTest" time="0.003"/>
  <testcase name="shouldCreatePopulationContainingBetweenTwoAndEightMaGos" classname="com.exemple.MaGoFactoryTest" time="0.002"/>
  <testcase name="shouldCreateCircleOrSquareMaGoWhenCall" classname="com.exemple.MaGoFactoryTest" time="0.005"/>
</testsuite>